Using pre-set license
Built from '2021.3/staging' branch; Version is '2021.3.8f1 (b30333d56e81) revision 11731763'; Using compiler version '192829333'; Build Type 'Release'
OS: 'Windows 10  (10.0.19044) 64bit Core' Language: 'en' Physical Memory: 16295 MB
BatchMode: 1, IsHumanControllingUs: 0, StartBugReporterOnCrash: 0, Is64bit: 1, IsPro: 1

COMMAND LINE ARGUMENTS:
C:\Program Files\Unity\Hub\Editor\2021.3.8f1\Editor\Unity.exe
-adb2
-batchMode
-noUpm
-name
AssetImportWorker0
-projectPath
C:/Users/kalan/My project
-logFile
Logs/AssetImportWorker0.log
-srvPort
64126
Successfully changed project path to: C:/Users/kalan/My project
C:/Users/kalan/My project
[UnityMemory] Configuration Parameters - Can be set up in boot.config
    "memorysetup-bucket-allocator-granularity=16"
    "memorysetup-bucket-allocator-bucket-count=8"
    "memorysetup-bucket-allocator-block-size=33554432"
    "memorysetup-bucket-allocator-block-count=8"
    "memorysetup-main-allocator-block-size=16777216"
    "memorysetup-thread-allocator-block-size=16777216"
    "memorysetup-gfx-main-allocator-block-size=16777216"
    "memorysetup-gfx-thread-allocator-block-size=16777216"
    "memorysetup-cache-allocator-block-size=4194304"
    "memorysetup-typetree-allocator-block-size=2097152"
    "memorysetup-profiler-bucket-allocator-granularity=16"
    "memorysetup-profiler-bucket-allocator-bucket-count=8"
    "memorysetup-profiler-bucket-allocator-block-size=33554432"
    "memorysetup-profiler-bucket-allocator-block-count=8"
    "memorysetup-profiler-allocator-block-size=16777216"
    "memorysetup-profiler-editor-allocator-block-size=1048576"
    "memorysetup-temp-allocator-size-main=16777216"
    "memorysetup-job-temp-allocator-block-size=2097152"
    "memorysetup-job-temp-allocator-block-size-background=1048576"
    "memorysetup-job-temp-allocator-reduction-small-platforms=262144"
    "memorysetup-temp-allocator-size-background-worker=32768"
    "memorysetup-temp-allocator-size-job-worker=262144"
    "memorysetup-temp-allocator-size-preload-manager=33554432"
    "memorysetup-temp-allocator-size-nav-mesh-worker=65536"
    "memorysetup-temp-allocator-size-audio-worker=65536"
    "memorysetup-temp-allocator-size-cloud-worker=32768"
    "memorysetup-temp-allocator-size-gi-baking-worker=262144"
    "memorysetup-temp-allocator-size-gfx=262144"
Refreshing native plugins compatible for Editor in 94.39 ms, found 3 plugins.
Preloading 0 native plugins for Editor in 0.00 ms.
Initialize engine version: 2021.3.8f1 (b30333d56e81)
[Subsystems] Discovering subsystems at path C:/Program Files/Unity/Hub/Editor/2021.3.8f1/Editor/Data/Resources/UnitySubsystems
[Subsystems] Discovering subsystems at path C:/Users/kalan/My project/Assets
GfxDevice: creating device client; threaded=0; jobified=0
Direct3D:
    Version:  Direct3D 11.0 [level 11.1]
    Renderer: NVIDIA GeForce GTX 1650 (ID=0x1f0a)
    Vendor:   NVIDIA
    VRAM:     3961 MB
    Driver:   31.0.15.1693
Initialize mono
Mono path[0] = 'C:/Program Files/Unity/Hub/Editor/2021.3.8f1/Editor/Data/Managed'
Mono path[1] = 'C:/Program Files/Unity/Hub/Editor/2021.3.8f1/Editor/Data/MonoBleedingEdge/lib/mono/unityjit-win32'
Mono config path = 'C:/Program Files/Unity/Hub/Editor/2021.3.8f1/Editor/Data/MonoBleedingEdge/etc'
Using monoOptions --debugger-agent=transport=dt_socket,embedding=1,server=y,suspend=n,address=127.0.0.1:56836
Begin MonoManager ReloadAssembly
Registering precompiled unity dll's ...
Register platform support module: C:/Program Files/Unity/Hub/Editor/2021.3.8f1/Editor/Data/PlaybackEngines/WebGLSupport/UnityEditor.WebGL.Extensions.dll
Register platform support module: C:/Program Files/Unity/Hub/Editor/2021.3.8f1/Editor/Data/PlaybackEngines/WindowsStandaloneSupport/UnityEditor.WindowsStandalone.Extensions.dll
Registered in 0.011642 seconds.
Native extension for WindowsStandalone target not found
Native extension for WebGL target not found
Refreshing native plugins compatible for Editor in 111.47 ms, found 3 plugins.
Preloading 0 native plugins for Editor in 0.00 ms.
Mono: successfully reloaded assembly
- Completed reload, in  0.772 seconds
Domain Reload Profiling:
	ReloadAssembly (774ms)
		BeginReloadAssembly (93ms)
			ExecutionOrderSort (0ms)
			DisableScriptedObjects (0ms)
			BackupInstance (0ms)
			ReleaseScriptingObjects (0ms)
			CreateAndSetChildDomain (1ms)
		EndReloadAssembly (536ms)
			LoadAssemblies (91ms)
			RebuildTransferFunctionScriptingTraits (0ms)
			SetupTypeCache (112ms)
			ReleaseScriptCaches (0ms)
			RebuildScriptCaches (29ms)
			SetupLoadedEditorAssemblies (335ms)
				LogAssemblyErrors (0ms)
				InitializePlatformSupportModulesInManaged (12ms)
				SetLoadedEditorAssemblies (0ms)
				RefreshPlugins (112ms)
				BeforeProcessingInitializeOnLoad (1ms)
				ProcessInitializeOnLoadAttributes (159ms)
				ProcessInitializeOnLoadMethodAttributes (51ms)
				AfterProcessingInitializeOnLoad (0ms)
				EditorAssembliesLoaded (0ms)
			ExecutionOrderSort2 (0ms)
			AwakeInstancesAfterBackupRestoration (0ms)
Platform modules already initialized, skipping
Registering precompiled user dll's ...
Registered in 0.008035 seconds.
Begin MonoManager ReloadAssembly
Symbol file LoadedFromMemory doesn't match image C:\Users\kalan\My project\Library\PackageCache\com.unity.visualscripting@1.7.8\Editor\VisualScripting.Core\Dependencies\YamlDotNet\Unity.VisualScripting.YamlDotNet.dll
Symbol file LoadedFromMemory doesn't match image C:\Users\kalan\My project\Library\PackageCache\com.unity.visualscripting@1.7.8\Editor\VisualScripting.Core\Dependencies\DotNetZip\Unity.VisualScripting.IonicZip.dll
Native extension for WindowsStandalone target not found
Native extension for WebGL target not found
Refreshing native plugins compatible for Editor in 103.76 ms, found 3 plugins.
Preloading 0 native plugins for Editor in 0.00 ms.
Mono: successfully reloaded assembly
- Completed reload, in  1.364 seconds
Domain Reload Profiling:
	ReloadAssembly (1365ms)
		BeginReloadAssembly (124ms)
			ExecutionOrderSort (0ms)
			DisableScriptedObjects (5ms)
			BackupInstance (0ms)
			ReleaseScriptingObjects (0ms)
			CreateAndSetChildDomain (23ms)
		EndReloadAssembly (1104ms)
			LoadAssemblies (105ms)
			RebuildTransferFunctionScriptingTraits (0ms)
			SetupTypeCache (307ms)
			ReleaseScriptCaches (2ms)
			RebuildScriptCaches (81ms)
			SetupLoadedEditorAssemblies (551ms)
				LogAssemblyErrors (0ms)
				InitializePlatformSupportModulesInManaged (6ms)
				SetLoadedEditorAssemblies (0ms)
				RefreshPlugins (104ms)
				BeforeProcessingInitializeOnLoad (123ms)
				ProcessInitializeOnLoadAttributes (281ms)
				ProcessInitializeOnLoadMethodAttributes (26ms)
				AfterProcessingInitializeOnLoad (10ms)
				EditorAssembliesLoaded (0ms)
			ExecutionOrderSort2 (0ms)
			AwakeInstancesAfterBackupRestoration (5ms)
Platform modules already initialized, skipping
========================================================================
Worker process is ready to serve import requests
Launched and connected shader compiler UnityShaderCompiler.exe after 0.05 seconds
Refreshing native plugins compatible for Editor in 0.97 ms, found 3 plugins.
Preloading 0 native plugins for Editor in 0.00 ms.
Unloading 4116 Unused Serialized files (Serialized files now loaded: 0)
Unloading 40 unused Assets / (182.1 KB). Loaded Objects now: 4587.
Memory consumption went from 152.8 MB to 152.6 MB.
Total: 4.116100 ms (FindLiveObjects: 0.505400 ms CreateObjectMapping: 0.147500 ms MarkObjects: 3.284400 ms  DeleteObjects: 0.177500 ms)

AssetImportParameters requested are different than current active one (requested -> active):
  custom:video-decoder-ogg-theora: a1e56fd34408186e4bbccfd4996cb3dc -> 
  custom:container-muxer-webm: aa71ff27fc2769a1b78a27578f13a17b -> 
  custom:container-demuxer-webm: 4f35f7cbe854078d1ac9338744f61a02 -> 
  custom:video-encoder-webm-vp8: eb34c28f22e8b96e1ab97ce403110664 -> 
  custom:audio-encoder-webm-vorbis: bf7c407c2cedff20999df2af8eb42d56 -> 
  custom:framework-win-MediaFoundation: 216162199b28c13a410421893ffa2e32 -> 
  custom:container-demuxer-ogg: 62fdf1f143b41e24485cea50d1cbac27 -> 
  custom:video-decoder-webm-vp8: 9c59270c3fd7afecdb556c50c9e8de78 -> 
  custom:audio-decoder-ogg-vorbis: bf7c407c2cedff20999df2af8eb42d56 -> 
========================================================================
Received Import Request.
  Time since last request: 51953.943043 seconds.
  path: Assets/Female Standing Pose (1).fbx
  artifactKey: Guid(4cd4c738ba2ff50439eca7af417d81ab) Importer(815301076,1909f56bfc062723c751e8b465ee728b)
Start importing Assets/Female Standing Pose (1).fbx using Guid(4cd4c738ba2ff50439eca7af417d81ab) Importer(815301076,1909f56bfc062723c751e8b465ee728b)  -> (artifact id: 'c8608135cef6ea64c1fe558882918511') in 0.424749 seconds 
========================================================================
Received Import Request.
  Time since last request: 536.893447 seconds.
  path: Assets/Vroid Girl 2.prefab
  artifactKey: Guid(66440fa3251de444c85a607e057e2d7f) Importer(815301076,1909f56bfc062723c751e8b465ee728b)
Start importing Assets/Vroid Girl 2.prefab using Guid(66440fa3251de444c85a607e057e2d7f) Importer(815301076,1909f56bfc062723c751e8b465ee728b)  -> (artifact id: '9d99978700650738788d4c485568912a') in 0.171380 seconds 
========================================================================
Received Import Request.
  Time since last request: 9.718615 seconds.
  path: Assets/Vroid Girl 2.MetaObject
  artifactKey: Guid(12b0c278d97218946a999f02cc202d04) Importer(815301076,1909f56bfc062723c751e8b465ee728b)
Start importing Assets/Vroid Girl 2.MetaObject using Guid(12b0c278d97218946a999f02cc202d04) Importer(815301076,1909f56bfc062723c751e8b465ee728b)  -> (artifact id: 'e1c7300a5180bdf394645b929e56bdde') in 0.001847 seconds 
========================================================================
Received Import Request.
  Time since last request: 7.428713 seconds.
  path: Assets/Vroid Girl 2.Textures
  artifactKey: Guid(0ea11abfd1e037e4fb7c955b2940af8f) Importer(815301076,1909f56bfc062723c751e8b465ee728b)
Start importing Assets/Vroid Girl 2.Textures using Guid(0ea11abfd1e037e4fb7c955b2940af8f) Importer(815301076,1909f56bfc062723c751e8b465ee728b)  -> (artifact id: '11ab1845a2f1740fea8ea32a03a70c5e') in 0.001819 seconds 
========================================================================
Received Import Request.
  Time since last request: 0.090867 seconds.
  path: Assets/Vroid Girl 2.Textures/_01.png
  artifactKey: Guid(d8358bd655320c547b213be4b6d7e001) Importer(815301076,1909f56bfc062723c751e8b465ee728b)
Start importing Assets/Vroid Girl 2.Textures/_01.png using Guid(d8358bd655320c547b213be4b6d7e001) Importer(815301076,1909f56bfc062723c751e8b465ee728b)  -> (artifact id: 'a3efbc0e953499df2740b4422c9a6c96') in 0.061313 seconds 
========================================================================
Received Import Request.
  Time since last request: 0.000020 seconds.
  path: Assets/Vroid Girl 2.Textures/_10.png
  artifactKey: Guid(abced7aef3de59c4c8dc39931a705d54) Importer(815301076,1909f56bfc062723c751e8b465ee728b)
Start importing Assets/Vroid Girl 2.Textures/_10.png using Guid(abced7aef3de59c4c8dc39931a705d54) Importer(815301076,1909f56bfc062723c751e8b465ee728b)  -> (artifact id: '1233fb6e8892609bb009f8874e57c6e7') in 0.014275 seconds 
========================================================================
Received Import Request.
  Time since last request: 0.000016 seconds.
  path: Assets/Vroid Girl 2.Textures/N00_000_Hair_00_nml.normal.png
  artifactKey: Guid(ccb64f20a3118194aade7524a97cf485) Importer(815301076,1909f56bfc062723c751e8b465ee728b)
Start importing Assets/Vroid Girl 2.Textures/N00_000_Hair_00_nml.normal.png using Guid(ccb64f20a3118194aade7524a97cf485) Importer(815301076,1909f56bfc062723c751e8b465ee728b)  -> (artifact id: '62dcce2f6b857fe81cdc53fdd03407a0') in 0.014441 seconds 
========================================================================
Received Import Request.
  Time since last request: 0.000022 seconds.
  path: Assets/Vroid Girl 2.Textures/_07.png
  artifactKey: Guid(42770b72c4ea4314385f8ec565384e63) Importer(815301076,1909f56bfc062723c751e8b465ee728b)
Start importing Assets/Vroid Girl 2.Textures/_07.png using Guid(42770b72c4ea4314385f8ec565384e63) Importer(815301076,1909f56bfc062723c751e8b465ee728b)  -> (artifact id: '52b8a254352a43cfab046c0573e33dc7') in 0.010196 seconds 
========================================================================
Received Import Request.
  Time since last request: 0.000026 seconds.
  path: Assets/Vroid Girl 2.Textures/_06.png
  artifactKey: Guid(9ae7070167b106e42ac7c4ad4e884f20) Importer(815301076,1909f56bfc062723c751e8b465ee728b)
Start importing Assets/Vroid Girl 2.Textures/_06.png using Guid(9ae7070167b106e42ac7c4ad4e884f20) Importer(815301076,1909f56bfc062723c751e8b465ee728b)  -> (artifact id: '39284eb3015f6e998d957ee130539467') in 0.008494 seconds 
========================================================================
Received Import Request.
  Time since last request: 0.000023 seconds.
  path: Assets/Vroid Girl 2.Textures/_04.png
  artifactKey: Guid(95babcc4d1bba6544a6db965dabbd164) Importer(815301076,1909f56bfc062723c751e8b465ee728b)
Start importing Assets/Vroid Girl 2.Textures/_04.png using Guid(95babcc4d1bba6544a6db965dabbd164) Importer(815301076,1909f56bfc062723c751e8b465ee728b)  -> (artifact id: 'f1d792427d3da9726d94b8d249b33020') in 0.007410 seconds 
========================================================================
Received Import Request.
  Time since last request: 0.000026 seconds.
  path: Assets/Vroid Girl 2.Textures/_03.png
  artifactKey: Guid(095c9f9c53609e34a9f2c0e2665500a7) Importer(815301076,1909f56bfc062723c751e8b465ee728b)
Start importing Assets/Vroid Girl 2.Textures/_03.png using Guid(095c9f9c53609e34a9f2c0e2665500a7) Importer(815301076,1909f56bfc062723c751e8b465ee728b)  -> (artifact id: '609d855fb2e1d70a3cb8bbb1ace302e0') in 0.007824 seconds 
========================================================================
Received Import Request.
  Time since last request: 0.000024 seconds.
  path: Assets/Vroid Girl 2.Textures/N00_000_00_Face_00_out.png
  artifactKey: Guid(a69992e62d9eadd48831d888906a946d) Importer(815301076,1909f56bfc062723c751e8b465ee728b)
Start importing Assets/Vroid Girl 2.Textures/N00_000_00_Face_00_out.png using Guid(a69992e62d9eadd48831d888906a946d) Importer(815301076,1909f56bfc062723c751e8b465ee728b)  -> (artifact id: '5c4800371f8034a8a00e8e21070c4535') in 0.008582 seconds 
========================================================================
Received Import Request.
  Time since last request: 0.000019 seconds.
  path: Assets/Vroid Girl 2.Textures/_14.png
  artifactKey: Guid(d5da3f283dcbd794c9d98341869eeac0) Importer(815301076,1909f56bfc062723c751e8b465ee728b)
Start importing Assets/Vroid Girl 2.Textures/_14.png using Guid(d5da3f283dcbd794c9d98341869eeac0) Importer(815301076,1909f56bfc062723c751e8b465ee728b)  -> (artifact id: '4516da9626ccf1b08ff698056df6cad0') in 0.008639 seconds 
========================================================================
Received Import Request.
  Time since last request: 0.000021 seconds.
  path: Assets/Vroid Girl 2.Textures/Shader_NoneBlack.png
  artifactKey: Guid(ec277d1850681244a9db71e7baf66c85) Importer(815301076,1909f56bfc062723c751e8b465ee728b)
Start importing Assets/Vroid Girl 2.Textures/Shader_NoneBlack.png using Guid(ec277d1850681244a9db71e7baf66c85) Importer(815301076,1909f56bfc062723c751e8b465ee728b)  -> (artifact id: '0357a62f1bdcf4f11f5ff1fe11cc89e1') in 0.007746 seconds 
========================================================================
Received Import Request.
  Time since last request: 0.000020 seconds.
  path: Assets/Vroid Girl 2.Textures/_05.normal.png
  artifactKey: Guid(9ef692d44450a184dae34650c4b0dded) Importer(815301076,1909f56bfc062723c751e8b465ee728b)
Start importing Assets/Vroid Girl 2.Textures/_05.normal.png using Guid(9ef692d44450a184dae34650c4b0dded) Importer(815301076,1909f56bfc062723c751e8b465ee728b)  -> (artifact id: 'd6d8e2e2d95b95f8c243d41ab46aded6') in 0.008448 seconds 
========================================================================
Received Import Request.
  Time since last request: 0.000020 seconds.
  path: Assets/Vroid Girl 2.Textures/_12.png
  artifactKey: Guid(29003d40e08cf6542b1d94883a3ee29b) Importer(815301076,1909f56bfc062723c751e8b465ee728b)
Start importing Assets/Vroid Girl 2.Textures/_12.png using Guid(29003d40e08cf6542b1d94883a3ee29b) Importer(815301076,1909f56bfc062723c751e8b465ee728b)  -> (artifact id: 'eace395128b69b091eae142c97562ca8') in 0.007665 seconds 
========================================================================
Received Import Request.
  Time since last request: 0.000013 seconds.
  path: Assets/Vroid Girl 2.Textures/_16.png
  artifactKey: Guid(9786d72d35a916b419ac606b7f284778) Importer(815301076,1909f56bfc062723c751e8b465ee728b)
Start importing Assets/Vroid Girl 2.Textures/_16.png using Guid(9786d72d35a916b419ac606b7f284778) Importer(815301076,1909f56bfc062723c751e8b465ee728b)  -> (artifact id: '7e855868b320a3e499e1da0e4d02e687') in 0.011324 seconds 
========================================================================
Received Import Request.
  Time since last request: 0.000015 seconds.
  path: Assets/Vroid Girl 2.Textures/MatcapWarp_02.png
  artifactKey: Guid(9b7f1248563694743a359730ab8cd3ac) Importer(815301076,1909f56bfc062723c751e8b465ee728b)
Start importing Assets/Vroid Girl 2.Textures/MatcapWarp_02.png using Guid(9b7f1248563694743a359730ab8cd3ac) Importer(815301076,1909f56bfc062723c751e8b465ee728b)  -> (artifact id: '2ed83d1547d10bb8d49dbd25d175caca') in 0.008695 seconds 
========================================================================
Received Import Request.
  Time since last request: 8.756607 seconds.
  path: Assets/Vroid Girl 2.prefab
  artifactKey: Guid(66440fa3251de444c85a607e057e2d7f) Importer(815301076,1909f56bfc062723c751e8b465ee728b)
Start importing Assets/Vroid Girl 2.prefab using Guid(66440fa3251de444c85a607e057e2d7f) Importer(815301076,1909f56bfc062723c751e8b465ee728b)  -> (artifact id: '6484068d9d197ba3ac93d746ba80bbe7') in 0.011027 seconds 
========================================================================
Received Import Request.
  Time since last request: 7.418040 seconds.
  path: Assets/Vroid Girl 2.prefab
  artifactKey: Guid(66440fa3251de444c85a607e057e2d7f) Importer(815301076,1909f56bfc062723c751e8b465ee728b)
Start importing Assets/Vroid Girl 2.prefab using Guid(66440fa3251de444c85a607e057e2d7f) Importer(815301076,1909f56bfc062723c751e8b465ee728b)  -> (artifact id: '502391301e23385e109db042923d9481') in 0.012172 seconds 
