Using pre-set license
Built from '2021.3/staging' branch; Version is '2021.3.8f1 (b30333d56e81) revision 11731763'; Using compiler version '192829333'; Build Type 'Release'
OS: 'Windows 10  (10.0.19044) 64bit Core' Language: 'en' Physical Memory: 16295 MB
BatchMode: 1, IsHumanControllingUs: 0, StartBugReporterOnCrash: 0, Is64bit: 1, IsPro: 1

COMMAND LINE ARGUMENTS:
C:\Program Files\Unity\Hub\Editor\2021.3.8f1\Editor\Unity.exe
-adb2
-batchMode
-noUpm
-name
AssetImportWorker1
-projectPath
C:/Users/kalan/My project
-logFile
Logs/AssetImportWorker1.log
-srvPort
64126
Successfully changed project path to: C:/Users/kalan/My project
C:/Users/kalan/My project
[UnityMemory] Configuration Parameters - Can be set up in boot.config
    "memorysetup-bucket-allocator-granularity=16"
    "memorysetup-bucket-allocator-bucket-count=8"
    "memorysetup-bucket-allocator-block-size=33554432"
    "memorysetup-bucket-allocator-block-count=8"
    "memorysetup-main-allocator-block-size=16777216"
    "memorysetup-thread-allocator-block-size=16777216"
    "memorysetup-gfx-main-allocator-block-size=16777216"
    "memorysetup-gfx-thread-allocator-block-size=16777216"
    "memorysetup-cache-allocator-block-size=4194304"
    "memorysetup-typetree-allocator-block-size=2097152"
    "memorysetup-profiler-bucket-allocator-granularity=16"
    "memorysetup-profiler-bucket-allocator-bucket-count=8"
    "memorysetup-profiler-bucket-allocator-block-size=33554432"
    "memorysetup-profiler-bucket-allocator-block-count=8"
    "memorysetup-profiler-allocator-block-size=16777216"
    "memorysetup-profiler-editor-allocator-block-size=1048576"
    "memorysetup-temp-allocator-size-main=16777216"
    "memorysetup-job-temp-allocator-block-size=2097152"
    "memorysetup-job-temp-allocator-block-size-background=1048576"
    "memorysetup-job-temp-allocator-reduction-small-platforms=262144"
    "memorysetup-temp-allocator-size-background-worker=32768"
    "memorysetup-temp-allocator-size-job-worker=262144"
    "memorysetup-temp-allocator-size-preload-manager=33554432"
    "memorysetup-temp-allocator-size-nav-mesh-worker=65536"
    "memorysetup-temp-allocator-size-audio-worker=65536"
    "memorysetup-temp-allocator-size-cloud-worker=32768"
    "memorysetup-temp-allocator-size-gi-baking-worker=262144"
    "memorysetup-temp-allocator-size-gfx=262144"
Refreshing native plugins compatible for Editor in 102.84 ms, found 3 plugins.
Preloading 0 native plugins for Editor in 0.00 ms.
Initialize engine version: 2021.3.8f1 (b30333d56e81)
[Subsystems] Discovering subsystems at path C:/Program Files/Unity/Hub/Editor/2021.3.8f1/Editor/Data/Resources/UnitySubsystems
[Subsystems] Discovering subsystems at path C:/Users/kalan/My project/Assets
GfxDevice: creating device client; threaded=0; jobified=0
Direct3D:
    Version:  Direct3D 11.0 [level 11.1]
    Renderer: NVIDIA GeForce GTX 1650 (ID=0x1f0a)
    Vendor:   NVIDIA
    VRAM:     3961 MB
    Driver:   31.0.15.1693
Initialize mono
Mono path[0] = 'C:/Program Files/Unity/Hub/Editor/2021.3.8f1/Editor/Data/Managed'
Mono path[1] = 'C:/Program Files/Unity/Hub/Editor/2021.3.8f1/Editor/Data/MonoBleedingEdge/lib/mono/unityjit-win32'
Mono config path = 'C:/Program Files/Unity/Hub/Editor/2021.3.8f1/Editor/Data/MonoBleedingEdge/etc'
Using monoOptions --debugger-agent=transport=dt_socket,embedding=1,server=y,suspend=n,address=127.0.0.1:56236
Begin MonoManager ReloadAssembly
Registering precompiled unity dll's ...
Register platform support module: C:/Program Files/Unity/Hub/Editor/2021.3.8f1/Editor/Data/PlaybackEngines/WebGLSupport/UnityEditor.WebGL.Extensions.dll
Register platform support module: C:/Program Files/Unity/Hub/Editor/2021.3.8f1/Editor/Data/PlaybackEngines/WindowsStandaloneSupport/UnityEditor.WindowsStandalone.Extensions.dll
Registered in 0.010565 seconds.
Native extension for WindowsStandalone target not found
Native extension for WebGL target not found
Refreshing native plugins compatible for Editor in 106.70 ms, found 3 plugins.
Preloading 0 native plugins for Editor in 0.00 ms.
Mono: successfully reloaded assembly
- Completed reload, in  0.755 seconds
Domain Reload Profiling:
	ReloadAssembly (756ms)
		BeginReloadAssembly (92ms)
			ExecutionOrderSort (0ms)
			DisableScriptedObjects (0ms)
			BackupInstance (0ms)
			ReleaseScriptingObjects (0ms)
			CreateAndSetChildDomain (1ms)
		EndReloadAssembly (520ms)
			LoadAssemblies (90ms)
			RebuildTransferFunctionScriptingTraits (0ms)
			SetupTypeCache (117ms)
			ReleaseScriptCaches (0ms)
			RebuildScriptCaches (29ms)
			SetupLoadedEditorAssemblies (318ms)
				LogAssemblyErrors (0ms)
				InitializePlatformSupportModulesInManaged (13ms)
				SetLoadedEditorAssemblies (0ms)
				RefreshPlugins (107ms)
				BeforeProcessingInitializeOnLoad (1ms)
				ProcessInitializeOnLoadAttributes (146ms)
				ProcessInitializeOnLoadMethodAttributes (50ms)
				AfterProcessingInitializeOnLoad (0ms)
				EditorAssembliesLoaded (0ms)
			ExecutionOrderSort2 (0ms)
			AwakeInstancesAfterBackupRestoration (0ms)
Platform modules already initialized, skipping
Registering precompiled user dll's ...
Registered in 0.009569 seconds.
Begin MonoManager ReloadAssembly
Symbol file LoadedFromMemory doesn't match image C:\Users\kalan\My project\Library\PackageCache\com.unity.visualscripting@1.7.8\Editor\VisualScripting.Core\Dependencies\YamlDotNet\Unity.VisualScripting.YamlDotNet.dll
Symbol file LoadedFromMemory doesn't match image C:\Users\kalan\My project\Library\PackageCache\com.unity.visualscripting@1.7.8\Editor\VisualScripting.Core\Dependencies\DotNetZip\Unity.VisualScripting.IonicZip.dll
Native extension for WindowsStandalone target not found
Native extension for WebGL target not found
Refreshing native plugins compatible for Editor in 103.89 ms, found 3 plugins.
Preloading 0 native plugins for Editor in 0.00 ms.
Mono: successfully reloaded assembly
- Completed reload, in  1.337 seconds
Domain Reload Profiling:
	ReloadAssembly (1337ms)
		BeginReloadAssembly (123ms)
			ExecutionOrderSort (0ms)
			DisableScriptedObjects (5ms)
			BackupInstance (0ms)
			ReleaseScriptingObjects (0ms)
			CreateAndSetChildDomain (25ms)
		EndReloadAssembly (1072ms)
			LoadAssemblies (98ms)
			RebuildTransferFunctionScriptingTraits (0ms)
			SetupTypeCache (309ms)
			ReleaseScriptCaches (1ms)
			RebuildScriptCaches (66ms)
			SetupLoadedEditorAssemblies (550ms)
				LogAssemblyErrors (0ms)
				InitializePlatformSupportModulesInManaged (8ms)
				SetLoadedEditorAssemblies (0ms)
				RefreshPlugins (104ms)
				BeforeProcessingInitializeOnLoad (122ms)
				ProcessInitializeOnLoadAttributes (279ms)
				ProcessInitializeOnLoadMethodAttributes (27ms)
				AfterProcessingInitializeOnLoad (10ms)
				EditorAssembliesLoaded (0ms)
			ExecutionOrderSort2 (0ms)
			AwakeInstancesAfterBackupRestoration (8ms)
Platform modules already initialized, skipping
========================================================================
Worker process is ready to serve import requests
Launched and connected shader compiler UnityShaderCompiler.exe after 0.06 seconds
Refreshing native plugins compatible for Editor in 5.02 ms, found 3 plugins.
Preloading 0 native plugins for Editor in 0.00 ms.
Unloading 4116 Unused Serialized files (Serialized files now loaded: 0)
Unloading 40 unused Assets / (182.1 KB). Loaded Objects now: 4587.
Memory consumption went from 152.8 MB to 152.6 MB.
Total: 4.419800 ms (FindLiveObjects: 0.482900 ms CreateObjectMapping: 0.133900 ms MarkObjects: 3.615400 ms  DeleteObjects: 0.186300 ms)

AssetImportParameters requested are different than current active one (requested -> active):
  custom:video-decoder-ogg-theora: a1e56fd34408186e4bbccfd4996cb3dc -> 
  custom:container-muxer-webm: aa71ff27fc2769a1b78a27578f13a17b -> 
  custom:container-demuxer-webm: 4f35f7cbe854078d1ac9338744f61a02 -> 
  custom:video-encoder-webm-vp8: eb34c28f22e8b96e1ab97ce403110664 -> 
  custom:audio-encoder-webm-vorbis: bf7c407c2cedff20999df2af8eb42d56 -> 
  custom:framework-win-MediaFoundation: 216162199b28c13a410421893ffa2e32 -> 
  custom:container-demuxer-ogg: 62fdf1f143b41e24485cea50d1cbac27 -> 
  custom:video-decoder-webm-vp8: 9c59270c3fd7afecdb556c50c9e8de78 -> 
  custom:audio-decoder-ogg-vorbis: bf7c407c2cedff20999df2af8eb42d56 -> 
========================================================================
Received Import Request.
  Time since last request: 52508.698909 seconds.
  path: Assets/Vroid Girl 2.Textures/_02.png
  artifactKey: Guid(908b176120fa71f48b7899daad56dd50) Importer(815301076,1909f56bfc062723c751e8b465ee728b)
Start importing Assets/Vroid Girl 2.Textures/_02.png using Guid(908b176120fa71f48b7899daad56dd50) Importer(815301076,1909f56bfc062723c751e8b465ee728b)  -> (artifact id: '54d746e0cc3b73312dd9bc01e0d33431') in 0.083355 seconds 
========================================================================
Received Import Request.
  Time since last request: 0.000026 seconds.
  path: Assets/Vroid Girl 2.Textures/MatcapWarp_01.png
  artifactKey: Guid(e969e8b750df0484b907e5b990ed2947) Importer(815301076,1909f56bfc062723c751e8b465ee728b)
Start importing Assets/Vroid Girl 2.Textures/MatcapWarp_01.png using Guid(e969e8b750df0484b907e5b990ed2947) Importer(815301076,1909f56bfc062723c751e8b465ee728b)  -> (artifact id: '2bbcc3726cc82c7b6ef4319050581a9b') in 0.010640 seconds 
========================================================================
Received Import Request.
  Time since last request: 0.000024 seconds.
  path: Assets/Vroid Girl 2.Textures/_08.png
  artifactKey: Guid(b56fc427f29e1d3448aadd07db1a79db) Importer(815301076,1909f56bfc062723c751e8b465ee728b)
Start importing Assets/Vroid Girl 2.Textures/_08.png using Guid(b56fc427f29e1d3448aadd07db1a79db) Importer(815301076,1909f56bfc062723c751e8b465ee728b)  -> (artifact id: '4b1ef14627e23658546f759ade4d09c9') in 0.010889 seconds 
========================================================================
Received Import Request.
  Time since last request: 0.000019 seconds.
  path: Assets/Vroid Girl 2.Textures/N00_000_00_HairBack_00_nml.normal.png
  artifactKey: Guid(86adb4c9339a5ba40b5bd367f71f3e5d) Importer(815301076,1909f56bfc062723c751e8b465ee728b)
Start importing Assets/Vroid Girl 2.Textures/N00_000_00_HairBack_00_nml.normal.png using Guid(86adb4c9339a5ba40b5bd367f71f3e5d) Importer(815301076,1909f56bfc062723c751e8b465ee728b)  -> (artifact id: '86b4991b16d5722a4fc814a3da01eb44') in 0.032052 seconds 
========================================================================
Received Import Request.
  Time since last request: 0.000018 seconds.
  path: Assets/Vroid Girl 2.Textures/_18.png
  artifactKey: Guid(dcd4b2084ca493f4bbeb5c022b810c70) Importer(815301076,1909f56bfc062723c751e8b465ee728b)
Start importing Assets/Vroid Girl 2.Textures/_18.png using Guid(dcd4b2084ca493f4bbeb5c022b810c70) Importer(815301076,1909f56bfc062723c751e8b465ee728b)  -> (artifact id: '1c74a3012411df7cc80d9303ab806a2d') in 0.009476 seconds 
========================================================================
Received Import Request.
  Time since last request: 0.000019 seconds.
  path: Assets/Vroid Girl 2.Textures/_09.png
  artifactKey: Guid(57c73fc47b4b573499f3cb30316d5c56) Importer(815301076,1909f56bfc062723c751e8b465ee728b)
Start importing Assets/Vroid Girl 2.Textures/_09.png using Guid(57c73fc47b4b573499f3cb30316d5c56) Importer(815301076,1909f56bfc062723c751e8b465ee728b)  -> (artifact id: '3cb6981b3accca848164b1a84063cb9e') in 0.007809 seconds 
========================================================================
Received Import Request.
  Time since last request: 0.000017 seconds.
  path: Assets/Vroid Girl 2.Textures/_17.png
  artifactKey: Guid(ebbb43c97027cdc42920b2c47d9ddffa) Importer(815301076,1909f56bfc062723c751e8b465ee728b)
Start importing Assets/Vroid Girl 2.Textures/_17.png using Guid(ebbb43c97027cdc42920b2c47d9ddffa) Importer(815301076,1909f56bfc062723c751e8b465ee728b)  -> (artifact id: 'd42ba5daf5f9369d0684cdde22d54542') in 0.008110 seconds 
========================================================================
Received Import Request.
  Time since last request: 0.000029 seconds.
  path: Assets/Vroid Girl 2.Textures/_15.png
  artifactKey: Guid(faa4140e16ef63f49a6424528b054b68) Importer(815301076,1909f56bfc062723c751e8b465ee728b)
Start importing Assets/Vroid Girl 2.Textures/_15.png using Guid(faa4140e16ef63f49a6424528b054b68) Importer(815301076,1909f56bfc062723c751e8b465ee728b)  -> (artifact id: '2ac393a4be283617029cd4cfe9442a66') in 0.017384 seconds 
========================================================================
Received Import Request.
  Time since last request: 0.000019 seconds.
  path: Assets/Vroid Girl 2.Textures/_13.png
  artifactKey: Guid(5d8c8f95e9bdb13499042e8c929a336e) Importer(815301076,1909f56bfc062723c751e8b465ee728b)
Start importing Assets/Vroid Girl 2.Textures/_13.png using Guid(5d8c8f95e9bdb13499042e8c929a336e) Importer(815301076,1909f56bfc062723c751e8b465ee728b)  -> (artifact id: '11d956240b3739ed080869360d8fc55d') in 0.008201 seconds 
========================================================================
Received Import Request.
  Time since last request: 0.000014 seconds.
  path: Assets/Vroid Girl 2.Textures/_11.normal.png
  artifactKey: Guid(fc4ab9499ecfc864ea7d7f3bc98ceb7d) Importer(815301076,1909f56bfc062723c751e8b465ee728b)
Start importing Assets/Vroid Girl 2.Textures/_11.normal.png using Guid(fc4ab9499ecfc864ea7d7f3bc98ceb7d) Importer(815301076,1909f56bfc062723c751e8b465ee728b)  -> (artifact id: '7e6e9cd4a82e836096dea88d87f78355') in 0.012136 seconds 
========================================================================
Received Import Request.
  Time since last request: 0.000022 seconds.
  path: Assets/Vroid Girl 2.Textures/Shader_NoneNormal.normal.png
  artifactKey: Guid(bf6ccfcb5cac22642a3fc24c0f493042) Importer(815301076,1909f56bfc062723c751e8b465ee728b)
Start importing Assets/Vroid Girl 2.Textures/Shader_NoneNormal.normal.png using Guid(bf6ccfcb5cac22642a3fc24c0f493042) Importer(815301076,1909f56bfc062723c751e8b465ee728b)  -> (artifact id: 'da5fd0557a5f63f901e1322c8696adac') in 0.009791 seconds 
